<?xml version="1.0" encoding="UTF-8"?>
<coverage generated="1505439195105" clover="3.2.0">
  <project timestamp="1505439195105" name="All files">
    <metrics statements="13" coveredstatements="13" conditionals="6" coveredconditionals="6" methods="7" coveredmethods="7" elements="26" coveredelements="26" complexity="0" loc="13" ncloc="13" packages="1" files="1" classes="1">
      <file name="index.js" path="/Users/work/projects/jwt-token/src/index.js">
        <metrics statements="13" coveredstatements="13" conditionals="6" coveredconditionals="6" methods="7" coveredmethods="7"/>
        <line num="16" count="10" type="cond" truecount="2" falsecount="0"/>
        <line num="20" count="6" type="stmt"/>
        <line num="21" count="6" type="stmt"/>
        <line num="26" count="6" type="cond" truecount="2" falsecount="0"/>
        <line num="27" count="5" type="stmt"/>
        <line num="28" count="5" type="stmt"/>
        <line num="30" count="1" type="stmt"/>
        <line num="37" count="4" type="stmt"/>
        <line num="38" count="4" type="stmt"/>
        <line num="43" count="4" type="cond" truecount="2" falsecount="0"/>
        <line num="44" count="1" type="stmt"/>
        <line num="45" count="1" type="stmt"/>
        <line num="47" count="3" type="stmt"/>
      </file>
    </metrics>
  </project>
</coverage>
