{"/Users/work/projects/jwt-token/src/index.js": {"path":"/Users/work/projects/jwt-token/src/index.js","statementMap":{"0":{"start":{"line":16,"column":21},"end":{"line":16,"column":80}},"1":{"start":{"line":16,"column":34},"end":{"line":16,"column":78}},"2":{"start":{"line":20,"column":4},"end":{"line":33,"column":8}},"3":{"start":{"line":21,"column":8},"end":{"line":32,"column":10}},"4":{"start":{"line":26,"column":16},"end":{"line":29,"column":17}},"5":{"start":{"line":27,"column":20},"end":{"line":27,"column":44}},"6":{"start":{"line":28,"column":20},"end":{"line":28,"column":27}},"7":{"start":{"line":30,"column":16},"end":{"line":30,"column":32}},"8":{"start":{"line":37,"column":4},"end":{"line":50,"column":8}},"9":{"start":{"line":38,"column":8},"end":{"line":49,"column":10}},"10":{"start":{"line":43,"column":16},"end":{"line":46,"column":17}},"11":{"start":{"line":44,"column":20},"end":{"line":44,"column":37}},"12":{"start":{"line":45,"column":20},"end":{"line":45,"column":27}},"13":{"start":{"line":47,"column":16},"end":{"line":47,"column":32}}},"fnMap":{"0":{"name":"(anonymous_0)","decl":{"start":{"line":16,"column":21},"end":{"line":16,"column":22}},"loc":{"start":{"line":16,"column":34},"end":{"line":16,"column":78}},"line":16},"1":{"name":"sign","decl":{"start":{"line":19,"column":16},"end":{"line":19,"column":20}},"loc":{"start":{"line":19,"column":97},"end":{"line":34,"column":1}},"line":19},"2":{"name":"(anonymous_2)","decl":{"start":{"line":20,"column":24},"end":{"line":20,"column":25}},"loc":{"start":{"line":20,"column":47},"end":{"line":33,"column":5}},"line":20},"3":{"name":"(anonymous_3)","decl":{"start":{"line":25,"column":12},"end":{"line":25,"column":13}},"loc":{"start":{"line":25,"column":39},"end":{"line":31,"column":13}},"line":25},"4":{"name":"verify","decl":{"start":{"line":36,"column":16},"end":{"line":36,"column":22}},"loc":{"start":{"line":36,"column":108},"end":{"line":51,"column":1}},"line":36},"5":{"name":"(anonymous_5)","decl":{"start":{"line":37,"column":24},"end":{"line":37,"column":25}},"loc":{"start":{"line":37,"column":47},"end":{"line":50,"column":5}},"line":37},"6":{"name":"(anonymous_6)","decl":{"start":{"line":42,"column":12},"end":{"line":42,"column":13}},"loc":{"start":{"line":42,"column":32},"end":{"line":48,"column":13}},"line":42}},"branchMap":{"0":{"loc":{"start":{"line":16,"column":41},"end":{"line":16,"column":54}},"type":"binary-expr","locations":[{"start":{"line":16,"column":41},"end":{"line":16,"column":48}},{"start":{"line":16,"column":52},"end":{"line":16,"column":54}}],"line":16},"1":{"loc":{"start":{"line":26,"column":16},"end":{"line":29,"column":17}},"type":"if","locations":[{"start":{"line":26,"column":16},"end":{"line":29,"column":17}},{"start":{"line":26,"column":16},"end":{"line":29,"column":17}}],"line":26},"2":{"loc":{"start":{"line":43,"column":16},"end":{"line":46,"column":17}},"type":"if","locations":[{"start":{"line":43,"column":16},"end":{"line":46,"column":17}},{"start":{"line":43,"column":16},"end":{"line":46,"column":17}}],"line":43}},"s":{"0":1,"1":10,"2":6,"3":6,"4":6,"5":5,"6":5,"7":1,"8":4,"9":4,"10":4,"11":1,"12":1,"13":3},"f":{"0":10,"1":6,"2":6,"3":6,"4":4,"5":4,"6":4},"b":{"0":[10,7],"1":[5,1],"2":[1,3]},"_coverageSchema":"332fd63041d2c1bcb487cc26dd0d5f7d97098a6c","hash":"8f6db7f2b6a37d734a880ee4ab8e3512d013e149"}
}
