TN:
SF:/Users/work/projects/jwt-token/src/index.js
FN:16,(anonymous_0)
FN:19,sign
FN:20,(anonymous_2)
FN:25,(anonymous_3)
FN:36,verify
FN:37,(anonymous_5)
FN:42,(anonymous_6)
FNF:7
FNH:7
FNDA:10,(anonymous_0)
FNDA:6,sign
FNDA:6,(anonymous_2)
FNDA:6,(anonymous_3)
FNDA:4,verify
FNDA:4,(anonymous_5)
FNDA:4,(anonymous_6)
DA:16,10
DA:20,6
DA:21,6
DA:26,6
DA:27,5
DA:28,5
DA:30,1
DA:37,4
DA:38,4
DA:43,4
DA:44,1
DA:45,1
DA:47,3
LF:13
LH:13
BRDA:16,0,0,10
BRDA:16,0,1,7
BRDA:26,1,0,5
BRDA:26,1,1,1
BRDA:43,2,0,1
BRDA:43,2,1,3
BRF:6
BRH:6
end_of_record
